 IDENTIFIER : FEPCSTRY

 PROGRAM FEPCST



          ****** DATA INPUT ******


NUMBER OF ELEMENTS =  40
NUMBER OF NODES    =  30

PLANE STRAIN CONDITIONS APPLY



*** NODAL DATA ***




NODE        COORDINATES          RESTRAINTS       APPLIED FORCES

 NO        X          Y           U      V        PX         PY
  1       1.00E+00   0.           0      1        0.         0.      
  2       9.80E-01   2.00E-01     0      0        0.         0.      
  3       9.00E-01   4.40E-01     0      0        0.         0.      
  4       7.00E-01   7.10E-01     0      0        0.         0.      
  5       3.50E-01   9.40E-01     0      0        0.         0.      
  6       0.         1.00E+00     1      0        0.         0.      
  7       1.25E+00   0.           0      1        0.         0.      
  8       1.20E+00   1.50E-01     0      0        0.         0.      
  9       1.10E+00   5.50E-01     0      0        0.         0.      
 10       9.00E-01   9.00E-01     0      0        0.         0.      
 11       4.50E-01   1.15E+00     0      0        0.         0.      
 12       0.         1.25E+00     1      0        0.         0.      
 13       2.00E+00   0.           0      1        0.         0.      
 14       2.00E+00   2.50E-01     0      0        0.         0.      
 15       1.75E+00   9.00E-01     0      0        0.         0.      
 16       1.40E+00   1.40E+00     0      0        0.         0.      
 17       7.00E-01   1.90E+00     0      0        0.         0.      
 18       0.         2.00E+00     1      0        0.         0.      
 19       3.00E+00   0.           0      1        0.         0.      
 20       3.00E+00   4.00E-01     0      0        0.         0.      
 21       2.90E+00   1.50E+00     0      0        0.         0.      
 22       2.60E+00   2.60E+00     0      0        0.         0.      
 23       1.10E+00   2.90E+00     0      0        0.         0.      
 24       0.         3.00E+00     1      0        0.         0.      
 25       4.00E+00   0.           0      1        0.         0.      
 26       4.00E+00   5.00E-01     0      0        0.         0.      
 27       4.00E+00   2.00E+00     0      0        0.         0.      
 28       4.00E+00   4.00E+00     0      0        0.         6.25E-01
 29       1.50E+00   4.00E+00     0      0        0.         1.00E+00
 30       0.         4.00E+00     1      0        0.         3.75E-01





*** ELEMENT DATA ***



ELEMENT   NODES   THICKNESS      ELASTIC   POISSON'S
  NO     1  2  3                 MODULUS     RATIO

  1      1  7  2     1.000E+00   1.000E+00   3.000E-01
  2      2  7  8     1.000E+00   1.000E+00   3.000E-01
  3      2  8  3     1.000E+00   1.000E+00   3.000E-01
  4      3  8  9     1.000E+00   1.000E+00   3.000E-01
  5      3  9  4     1.000E+00   1.000E+00   3.000E-01
  6      4  9 10     1.000E+00   1.000E+00   3.000E-01
  7      4 10  5     1.000E+00   1.000E+00   3.000E-01
  8      5 10 11     1.000E+00   1.000E+00   3.000E-01
  9      6  5 12     1.000E+00   1.000E+00   3.000E-01
 10     12  5 11     1.000E+00   1.000E+00   3.000E-01
 11      7 13  8     1.000E+00   1.000E+00   3.000E-01
 12      8 13 14     1.000E+00   1.000E+00   3.000E-01
 13      8 14  9     1.000E+00   1.000E+00   3.000E-01
 14      9 14 15     1.000E+00   1.000E+00   3.000E-01
 15      9 15 10     1.000E+00   1.000E+00   3.000E-01
 16     10 15 16     1.000E+00   1.000E+00   3.000E-01
 17     10 16 11     1.000E+00   1.000E+00   3.000E-01
 18     11 16 17     1.000E+00   1.000E+00   3.000E-01
 19     12 11 18     1.000E+00   1.000E+00   3.000E-01
 20     18 11 17     1.000E+00   1.000E+00   3.000E-01
 21     13 19 14     1.000E+00   1.000E+00   3.000E-01
 22     14 19 20     1.000E+00   1.000E+00   3.000E-01
 23     14 20 15     1.000E+00   1.000E+00   3.000E-01
 24     15 20 21     1.000E+00   1.000E+00   3.000E-01
 25     15 21 16     1.000E+00   1.000E+00   3.000E-01
 26     16 21 22     1.000E+00   1.000E+00   3.000E-01
 27     16 22 17     1.000E+00   1.000E+00   3.000E-01
 28     17 22 23     1.000E+00   1.000E+00   3.000E-01
 29     18 17 24     1.000E+00   1.000E+00   3.000E-01
 30     24 17 23     1.000E+00   1.000E+00   3.000E-01
 31     19 25 20     1.000E+00   1.000E+00   3.000E-01
 32     20 25 26     1.000E+00   1.000E+00   3.000E-01
 33     20 26 21     1.000E+00   1.000E+00   3.000E-01
 34     21 26 27     1.000E+00   1.000E+00   3.000E-01
 35     21 27 22     1.000E+00   1.000E+00   3.000E-01
 36     22 27 38     1.000E+00   1.000E+00   3.000E-01
 37     23 22 29     1.000E+00   1.000E+00   3.000E-01
 38     22 28 29     1.000E+00   1.000E+00   3.000E-01
 39     24 23 30     1.000E+00   1.000E+00   3.000E-01
 40     30 23 29     1.000E+00   1.000E+00   3.000E-01





 IDENTIFIER : FEPCSTRY

          ****** OUTPUT RESULTS ******




*** VECTOR OF ALL DISPLACEMENTS ***

NODE          DISPLACEMENTS
 NO          U             V

  1         8.93E-01       0.      
  2         8.80E-01      -5.11E-02
  3         7.97E-01      -9.99E-02
  4         4.96E-01      -2.01E-01
  5         1.86E-01      -1.70E-01
  6         0.            -7.02E-02
  7         9.25E-01       0.      
  8         9.07E-01      -1.18E-02
  9         7.67E-01      -4.95E-02
 10         4.25E-01      -2.07E-01
 11         1.40E-01      -1.85E-01
 12         0.            -1.07E-01
 13         1.01E+00       0.      
 14         1.01E+00       1.65E-02
 15         8.79E-01      -1.77E-03
 16         3.40E-01      -3.46E-01
 17        -3.65E-02      -1.51E-01
 18         0.            -3.94E-02
 19         1.09E+00       0.      
 20         1.10E+00       1.47E-01
 21         1.36E+00       4.16E-01
 22        -1.08E+00      -6.67E-01
 23        -3.57E-01       1.40E-01
 24         0.             3.00E-01
 25         9.94E-01       0.      
 26         9.83E-01       4.35E-01
 27         2.11E+00       1.92E+00
 28        -1.47E+00       8.46E-01
 29        -2.90E-01       4.40E-01
 30         0.             8.12E-01

*** ELEMENT STRESSES ***


ELEMENT             S T R E S S E S

  NO              SX       SY     TXY
   1    2.748E-02  -2.690E-01  -2.036E-02
   2    1.325E-01   3.429E-02   3.480E-02
   3   -1.958E-02  -1.795E-01  -7.008E-02
   4    3.165E-02  -1.677E-02  -2.915E-02
   5    3.632E-01   1.010E-02  -2.106E-01
   6    3.228E-01  -1.948E-01  -1.953E-01
   7    5.291E-01   2.644E-01  -3.221E-01
   8    5.228E-01   1.825E-01  -1.855E-01
   9    6.298E-01   1.062E-01  -1.199E-01
  10    3.245E-01   1.505E-01  -1.937E-01
  11    1.065E-01  -4.063E-02  -3.145E-02
  12    2.072E-01   1.615E-01   5.301E-03
  13    1.713E-01  -1.777E-02  -1.021E-01
  14    3.103E-01   1.331E-01  -1.327E-02
  15    5.384E-01  -1.119E-01  -1.652E-01
  16    4.185E-01  -3.917E-01  -1.779E-01
  17    3.815E-01   9.572E-04  -2.491E-01
  18    4.670E-01   3.237E-01  -2.052E-01
  19    4.705E-01   3.014E-01  -5.873E-02
  20   -5.549E-02   8.018E-02  -1.358E-01
  21    1.440E-01   1.344E-01  -5.128E-03
  22    3.324E-01   5.466E-01   4.035E-02
  23    1.689E-01   9.530E-02  -9.354E-03
  24    5.325E-01   5.196E-01   1.873E-01
  25    7.835E-01  -1.368E-02  -1.738E-02
  26    6.149E-01  -6.498E-01  -5.504E-01
  27   -2.366E-01  -9.389E-02  -4.913E-01
  28   -4.093E-01   3.390E-01  -2.163E-01
  29    1.255E-01   4.263E-01  -4.251E-02
  30   -2.648E-01   2.561E-01  -1.148E-01
  31    8.544E-02   4.408E-01   1.134E-02
  32    3.476E-01   1.105E+00   6.893E-02
  33   -3.236E-02   2.811E-01   1.863E-01
  34    1.032E+00   1.533E+00   6.429E-01
  35    1.711E+00   1.361E-01  -7.244E-02
  36    1.128E+00  -1.137E+00  -2.564E-01
  37   -3.366E-01   3.356E-01  -8.891E-02
  38   -1.069E-01   9.632E-01   1.360E-01
  39   -1.407E-01   5.029E-01  -3.799E-02
  40   -5.092E-02   3.772E-01  -4.519E-02




*** NODAL FORCES ***

NODE                NODAL FORCES
 NO               PX            PY

  1             -2.13E-08       3.83E-02
  2             -1.24E-08       2.61E-08
  3             -3.65E-08      -7.21E-09
  4              7.03E-08       5.21E-08
  5             -4.20E-08      -2.26E-09
  6             -7.66E-02       7.52E-10
  7             -2.76E-08       2.29E-02
  8              6.88E-01       8.12E-08
  9             -8.09E-08       6.27E-08
 10              5.83E-08       7.26E-08
 11              2.22E-08      -7.39E-08
 12             -2.33E-01      -1.10E-08
 13              2.62E-07      -1.34E-01
 14             -3.86E-07       1.94E-08
 15              4.23E-08       1.08E-07
 16              4.08E-08       5.54E-08
 17              1.00E-07      -1.84E-07
 18             -4.00E-02      -9.05E-09
 19             -2.86E-07      -4.94E-01
 20              1.66E-07       4.09E-08
 21              5.57E-07       2.10E-07
 22             -4.33E-08      -2.82E-07
 23              1.93E-07       2.88E-01
 24              1.99E-01      -3.75E-08
 25              1.62E-07      -5.47E-01
 26              3.13E-07      -1.96E-07
 27             -1.10E-06       4.36E-06
 28             -2.90E-08       6.25E-01
 29              5.67E-07       1.00E+00
 30             -8.96E-03       3.75E-01

       **** END OF RUN OF PROGRAM FEPCST ****





