 IDENTIFIER : PLFTRY


PROGRAM PLFRAME



                    *** DATA INPUT ***


NUMBER OF NODES =  10
NUMBER OF MEMBERS =  13



 *  NODAL DATA  * 



NODE     COORDINATES           R E S T R A I N T S

 NO     X           Y           U           V       A N G L E

  1     0.          1.00E+01     0          0          0        
  2     5.00E+00    7.90E+00     0          0          1        
  3     1.00E+01    1.58E+01     1          0          1        
  4     5.00E+00    1.00E+01     0          0          1        
  5     1.00E+01    1.00E+01     1          0          1        
  6     0.          5.00E+00     0          0          0        
  7     1.00E+01    5.00E+00     1          0          1        
  8     0.          0.           1          1          1        
  9     1.00E+01    0.           1          1          1        
 10     3.00E+00    5.00E+00     0          0          0        



* MEMBER DATA *

MEMBER END NODES  MEMBER    2ND MOMT    SECTN    ELASTIC
  NO    I     J     TYPE     OF AREA     AREA     MODULUS

  1     1      2       2        6.36E-06   3.42E-03   2.09E+08
  2     2      3       3        6.36E-06   3.42E-03   2.09E+08
  3     2      4       3        2.79E-06   1.81E-03   2.09E+08
  4     2      5       3        2.79E-06   1.81E-03   2.09E+08
  5     3      5       3        1.39E-06   9.00E-04   2.09E+08
  6     1      4       2        4.87E-06   2.09E-03   2.09E+08
  7     4      5       3        4.87E-06   2.09E-03   2.09E+08
  8     1      6       0        1.26E-05   2.98E-03   2.09E+08
  9     5      7       1        6.30E-06   1.49E-03   2.09E+08
 10     6     10       0        3.62E-04   1.04E-02   2.09E+08
 11     7     10       0        3.62E-04   1.04E-02   2.09E+08
 12     6      8       0        1.26E-05   2.98E-03   2.09E+08
 13     7      9       0        6.30E-06   1.49E-03   2.09E+08

* APPLIED NODAL FORCES *

NODE      F  O  R  C  E  S       MOMENT

 NO         X           Y           M
  1        7.500E-01  -5.000E+01   6.250E-01
  2        0.         -5.000E+01   0.       
  3        0.         -2.500E+01   0.       
  4        0.          0.          0.       
  5        0.          0.          0.       
  6        1.500E+00   0.          0.       
  7        0.          0.          0.       
  8        0.          0.          0.       
  9        0.          0.          0.       
 10        0.         -6.000E+01   0.       








 IDENTIFIER : PLFTRY
                     *** OUTPUT OF RESULTS ***



* VECTOR OF ALL DISPLACEMENTS *

NODE         DISPLACEMENTS              ROTATION
 NO         U              V             ANGLE

  1          1.02E-03      -1.38E-03       6.02E-04
  2          2.65E-04      -4.08E-03       0.      
  3          0.            -3.57E-03       0.      
  4          5.09E-04      -4.08E-03       0.      
  5          0.            -2.22E-03       0.      
  6          9.81E-06      -8.32E-04      -2.66E-03
  7          0.            -1.31E-03       0.      
  8          0.             0.             0.      
  9          0.             0.             0.      
 10          6.87E-06      -7.29E-03      -9.45E-04


* MEMBER END FORCES W.R.T. GLOBAL COORDS *

MEMBER NODE  F O R C E S MOMENT
  NO    NO  X            Y   M

  1     1         -4.27E+01       1.81E+01       8.20E-01
  1     2          4.27E+01      -1.81E+01       0.      

  2     2         -1.19E+01      -1.89E+01       0.      
  2     3          1.19E+01       1.89E+01       0.      

  3     2          0.            -1.40E-01       0.      
  3     4          0.             1.40E-01       0.      

  4     2         -3.08E+01      -1.29E+01       0.      
  4     5          3.08E+01       1.29E+01       0.      

  5     3          0.            -4.39E+01       0.      
  5     5          0.             4.39E+01       0.      

  6     1          4.45E+01       1.40E-01       6.98E-01
  6     4         -4.45E+01      -1.40E-01       0.      

  7     4          4.45E+01       0.             0.      
  7     5         -4.45E+01       0.             0.      

  8     1         -1.04E+00      -6.82E+01      -8.93E-01
  8     6          1.04E+00       6.82E+01      -4.33E+00

  9     5          0.            -5.68E+01       0.      
  9     7          0.             5.68E+01       0.      

 10     6          2.13E+00       3.54E+01       9.92E+00
 10    10         -2.13E+00      -3.54E+01       9.63E+01

 11     7         -2.13E+00       2.46E+01      -7.59E+01
 11    10          2.13E+00      -2.46E+01      -9.63E+01

 12     6         -1.68E+00      -1.04E+02      -5.59E+00
 12     8          1.68E+00       1.04E+02      -2.79E+00

 13     7          0.            -8.14E+01       0.      
 13     9          0.             8.14E+01       0.      



* NODAL LOADS W.R.T. GLOBAL COORDS *

NODE          F O R C E S             MOMENT

 NO        X              Y              M
  1        7.50E-01      -5.00E+01       6.25E-01

  2       -7.60E-06      -5.00E+01       0.      

  3        1.19E+01      -2.50E+01       0.      

  4       -8.35E-07       4.81E-06       0.      

  5       -1.37E+01       2.13E-06       0.      

  6        1.50E+00       2.08E-06       3.26E-05

  7       -2.13E+00      -4.71E-06      -7.59E+01

  8        1.68E+00       1.04E+02      -2.79E+00

  9        0.             8.14E+01       0.      

 10        4.75E-07      -6.00E+01      -4.95E-06

             **** END OF RUN OF PROGRAM PLFRAME ****





